[12 days ago] 1d2bfa7  PM-3564 <Roly Rudy Gutierrez Pinto>
[3 weeks ago] ea9a995  PM-3345: Mouse pointer doesn't work on process designer labels <rodrigo quelca>
[4 weeks ago] 2210b6a  PM-3167 0017833: Boton de desplazamiento (scroll) no funciona en ProcessMaker 3.0.0.6 cuando se edita triggers con el modo editor <dheeyi>
[7 weeks ago] 36d1cb7  disable apply task margins <rodrigo quelca>
[7 weeks ago] b53f472  revert changes <rodrigo quelca>
[8 weeks ago] 30eb6d0  PM-3154 0017842: No aparecen varios usuarios para la asignacion <dheeyi>
[9 weeks ago] 3c5e003  PM-2240 El arrow del flujo de secuencia no se dibuja de forma adecuada usando se usan pools <rodrigo quelca>
[9 weeks ago] 8104956  PM-2878 Cambiar estandarizar el UX/dise침e las grillas <dheeyi>
[3 months ago] 908e1bc  dateTime picker <marcelo.cuiza>
[3 months ago] 1c86c56  fix dateTime picker <marcelo.cuiza>
[3 months ago] 0c1184d  PM-2868 Estandarizar grillas de acuerdo a dise <dheeyi>
[3 months ago] f7740c3  PM-2647 Designer > BPMN Designer > Porcess Supervisors > Steps: Estandarizar la ventana al nuevo dise침ue se solicito para el dise침r BPMN <dheeyi>
[3 months ago] 7ef4af8  PM-1664 changes to implement corona for all shapes <rodrigo quelca>
[4 months ago] b5a9f73  PM-2815: some changes in styles <Paula V. Quispe>
[4 months ago] 1fefdf3  PM-2815: I deleted the border in fields radioButtons and checkboxes <Paula V. Quispe>
[4 months ago] 6e9f117  PM-2815: Change UX design of Assignment Rules <Paula V. Quispe>
[4 months ago] b27910e  PM-2815: Change UX design of Assignment Rules <Paula V. Quispe>
[4 months ago] faed5b9  PM-1402 TAB in modal window <Roly Rudy Gutierrez Pinto>
[4 months ago] 3529c2f  PM-1550 Editing labels in swimlanes and pools <rodrigo quelca>
[4 months ago] 1561554  PM-1535 <dheeyi>
[4 months ago] ac6696b  PM-2220 Designer > Designer BPMN > Subprocess > Target Variable: La columna Label no muestra la informaci칩orrecta <dheeyi>
[5 months ago] c28c319  PM-2623 Elementos del dise人dor, no se habilita el boton guardar si solo se mueve el elemento con el teclado <rodrigo quelca>
[5 months ago] 8993dfb  fix IMPROVEMENT ONCHAGE FOR TEXTFIELD <Richard Yujra>
[5 months ago] 1c66610  PM-2407 fix absolute position in meesage field <Richard Yujra>
[5 months ago] ce989d9  add handler beforeclose in window object <richard yujra>
[5 months ago] 70a469c  PM-2188 REDO action no tiene funcionalidad al crear objetos(Activity, Event, Gateway, Artifact, etc)(fixed) <rodrigo quelca>
[5 months ago] 1842364  a <Richard Yujra>
[5 months ago] 0e879b3  PM-2408 <marcelo.cuiza>
[5 months ago] 941c420  (origin/3.0-RC4, composer/3.0-RC4) PM-2360 fixed styles and refactory method translate PMUI <Richard Yujra>
[5 months ago] ab26b67  PM-1876 fixed <Richard Yujra>